

============================== 2022-02-18 20:44:32.131406 | c139ea55-6bff-42ee-a403-3e2c83e585bb ==============================
20:44:32.131406 [info ] [MainThread]: Running with dbt=1.0.1
20:44:32.131650 [debug] [MainThread]: running dbt with arguments Namespace(record_timing_info=None, debug=None, log_format=None, write_json=None, use_colors=None, printer_width=None, warn_error=None, version_check=None, partial_parse=None, single_threaded=False, use_experimental_parser=None, static_parser=None, profiles_dir='/Users/nmccoy/.dbt', send_anonymous_usage_stats=None, fail_fast=None, event_buffer_size=None, project_dir=None, profile=None, target=None, vars='{}', log_cache_events=False, project_name='jaffle_shop', skip_profile_setup=False, defer=None, state=None, cls=<class 'dbt.task.init.InitTask'>, which='init', rpc_method=None)
20:44:32.131812 [debug] [MainThread]: Tracking: tracking
20:44:32.143140 [debug] [MainThread]: Sending event: {'category': 'dbt', 'action': 'invocation', 'label': 'start', 'context': [<snowplow_tracker.self_describing_json.SelfDescribingJson object at 0x103d8d550>, <snowplow_tracker.self_describing_json.SelfDescribingJson object at 0x103d8d6a0>, <snowplow_tracker.self_describing_json.SelfDescribingJson object at 0x103d8d490>]}
20:44:32.144227 [debug] [MainThread]: Starter project path: /opt/homebrew/Cellar/dbt-bigquery/1.0.0_1/libexec/lib/python3.9/site-packages/dbt/include/starter_project
20:46:41.526839 [info ] [MainThread]: Profile jaffle_shop written to /Users/nmccoy/.dbt/profiles.yml using target's profile_template.yml and your supplied values. Run 'dbt debug' to validate the connection.
20:46:41.527744 [info ] [MainThread]: 
Your new dbt project "jaffle_shop" was created!

For more information on how to configure the profiles.yml file,
please consult the dbt documentation here:

  https://docs.getdbt.com/docs/configure-your-profile

One more thing:

Need help? Don't hesitate to reach out to us via GitHub issues or on Slack:

  https://community.getdbt.com/

Happy modeling!

20:46:41.528192 [debug] [MainThread]: Sending event: {'category': 'dbt', 'action': 'invocation', 'label': 'end', 'context': [<snowplow_tracker.self_describing_json.SelfDescribingJson object at 0x103d9c160>, <snowplow_tracker.self_describing_json.SelfDescribingJson object at 0x103d9cdf0>, <snowplow_tracker.self_describing_json.SelfDescribingJson object at 0x103d9ca30>]}


============================== 2022-02-22 14:46:12.830341 | a842836c-dd23-4f0d-b394-1fc9ba4c3fcc ==============================
14:46:12.830341 [info ] [MainThread]: Running with dbt=1.0.1
14:46:12.830577 [debug] [MainThread]: running dbt with arguments Namespace(record_timing_info=None, debug=None, log_format=None, write_json=None, use_colors=None, printer_width=None, warn_error=None, version_check=None, partial_parse=None, single_threaded=False, use_experimental_parser=None, static_parser=None, profiles_dir='/Users/nmccoy/.dbt', send_anonymous_usage_stats=None, fail_fast=None, event_buffer_size=None, project_dir=None, profile=None, target=None, vars='{}', log_cache_events=False, config_dir=False, defer=None, state=None, cls=<class 'dbt.task.debug.DebugTask'>, which='debug', rpc_method=None)
14:46:12.830749 [debug] [MainThread]: Tracking: tracking
14:46:12.843001 [debug] [MainThread]: Sending event: {'category': 'dbt', 'action': 'invocation', 'label': 'start', 'context': [<snowplow_tracker.self_describing_json.SelfDescribingJson object at 0x108209fa0>, <snowplow_tracker.self_describing_json.SelfDescribingJson object at 0x10820aa30>, <snowplow_tracker.self_describing_json.SelfDescribingJson object at 0x10820ac70>]}
14:46:13.237101 [debug] [MainThread]: Executing "git --help"
14:46:13.288914 [debug] [MainThread]: STDOUT: "b"usage: git [--version] [--help] [-C <path>] [-c <name>=<value>]\n           [--exec-path[=<path>]] [--html-path] [--man-path] [--info-path]\n           [-p | --paginate | -P | --no-pager] [--no-replace-objects] [--bare]\n           [--git-dir=<path>] [--work-tree=<path>] [--namespace=<name>]\n           [--super-prefix=<path>] [--config-env=<name>=<envvar>]\n           <command> [<args>]\n\nThese are common Git commands used in various situations:\n\nstart a working area (see also: git help tutorial)\n   clone             Clone a repository into a new directory\n   init              Create an empty Git repository or reinitialize an existing one\n\nwork on the current change (see also: git help everyday)\n   add               Add file contents to the index\n   mv                Move or rename a file, a directory, or a symlink\n   restore           Restore working tree files\n   rm                Remove files from the working tree and from the index\n   sparse-checkout   Initialize and modify the sparse-checkout\n\nexamine the history and state (see also: git help revisions)\n   bisect            Use binary search to find the commit that introduced a bug\n   diff              Show changes between commits, commit and working tree, etc\n   grep              Print lines matching a pattern\n   log               Show commit logs\n   show              Show various types of objects\n   status            Show the working tree status\n\ngrow, mark and tweak your common history\n   branch            List, create, or delete branches\n   commit            Record changes to the repository\n   merge             Join two or more development histories together\n   rebase            Reapply commits on top of another base tip\n   reset             Reset current HEAD to the specified state\n   switch            Switch branches\n   tag               Create, list, delete or verify a tag object signed with GPG\n\ncollaborate (see also: git help workflows)\n   fetch             Download objects and refs from another repository\n   pull              Fetch from and integrate with another repository or a local branch\n   push              Update remote refs along with associated objects\n\n'git help -a' and 'git help -g' list available subcommands and some\nconcept guides. See 'git help <command>' or 'git help <concept>'\nto read about a specific subcommand or concept.\nSee 'git help git' for an overview of the system.\n""
14:46:13.289346 [debug] [MainThread]: STDERR: "b''"
14:46:13.305760 [debug] [MainThread]: Acquiring new bigquery connection "debug"
14:46:13.306486 [debug] [MainThread]: Opening a new connection, currently in state init
14:46:13.313787 [debug] [MainThread]: On debug: select 1 as id
14:46:14.478361 [debug] [MainThread]: Sending event: {'category': 'dbt', 'action': 'invocation', 'label': 'end', 'context': [<snowplow_tracker.self_describing_json.SelfDescribingJson object at 0x10944a5e0>, <snowplow_tracker.self_describing_json.SelfDescribingJson object at 0x10946ebe0>, <snowplow_tracker.self_describing_json.SelfDescribingJson object at 0x10946e910>]}
14:46:14.627904 [debug] [MainThread]: Connection 'debug' was properly closed.


============================== 2022-02-22 14:50:39.851264 | 8f01034e-f5e8-419b-b7dd-9538a2280e4b ==============================
14:50:39.851264 [info ] [MainThread]: Running with dbt=1.0.1
14:50:39.851611 [debug] [MainThread]: running dbt with arguments Namespace(record_timing_info=None, debug=None, log_format=None, write_json=None, use_colors=None, printer_width=None, warn_error=None, version_check=None, partial_parse=None, single_threaded=False, use_experimental_parser=None, static_parser=None, profiles_dir='/Users/nmccoy/.dbt', send_anonymous_usage_stats=None, fail_fast=None, event_buffer_size=None, project_dir=None, profile=None, target=None, vars='{}', log_cache_events=False, config_dir=False, defer=None, state=None, cls=<class 'dbt.task.debug.DebugTask'>, which='debug', rpc_method=None)
14:50:39.851762 [debug] [MainThread]: Tracking: tracking
14:50:39.864206 [debug] [MainThread]: Sending event: {'category': 'dbt', 'action': 'invocation', 'label': 'start', 'context': [<snowplow_tracker.self_describing_json.SelfDescribingJson object at 0x1072290a0>, <snowplow_tracker.self_describing_json.SelfDescribingJson object at 0x107229670>, <snowplow_tracker.self_describing_json.SelfDescribingJson object at 0x10722a550>]}
14:50:40.204979 [debug] [MainThread]: Executing "git --help"
14:50:40.242612 [debug] [MainThread]: STDOUT: "b"usage: git [--version] [--help] [-C <path>] [-c <name>=<value>]\n           [--exec-path[=<path>]] [--html-path] [--man-path] [--info-path]\n           [-p | --paginate | -P | --no-pager] [--no-replace-objects] [--bare]\n           [--git-dir=<path>] [--work-tree=<path>] [--namespace=<name>]\n           [--super-prefix=<path>] [--config-env=<name>=<envvar>]\n           <command> [<args>]\n\nThese are common Git commands used in various situations:\n\nstart a working area (see also: git help tutorial)\n   clone             Clone a repository into a new directory\n   init              Create an empty Git repository or reinitialize an existing one\n\nwork on the current change (see also: git help everyday)\n   add               Add file contents to the index\n   mv                Move or rename a file, a directory, or a symlink\n   restore           Restore working tree files\n   rm                Remove files from the working tree and from the index\n   sparse-checkout   Initialize and modify the sparse-checkout\n\nexamine the history and state (see also: git help revisions)\n   bisect            Use binary search to find the commit that introduced a bug\n   diff              Show changes between commits, commit and working tree, etc\n   grep              Print lines matching a pattern\n   log               Show commit logs\n   show              Show various types of objects\n   status            Show the working tree status\n\ngrow, mark and tweak your common history\n   branch            List, create, or delete branches\n   commit            Record changes to the repository\n   merge             Join two or more development histories together\n   rebase            Reapply commits on top of another base tip\n   reset             Reset current HEAD to the specified state\n   switch            Switch branches\n   tag               Create, list, delete or verify a tag object signed with GPG\n\ncollaborate (see also: git help workflows)\n   fetch             Download objects and refs from another repository\n   pull              Fetch from and integrate with another repository or a local branch\n   push              Update remote refs along with associated objects\n\n'git help -a' and 'git help -g' list available subcommands and some\nconcept guides. See 'git help <command>' or 'git help <concept>'\nto read about a specific subcommand or concept.\nSee 'git help git' for an overview of the system.\n""
14:50:40.243000 [debug] [MainThread]: STDERR: "b''"
14:50:40.247537 [debug] [MainThread]: Acquiring new bigquery connection "debug"
14:50:40.248120 [debug] [MainThread]: Opening a new connection, currently in state init
14:50:40.260711 [debug] [MainThread]: On debug: select 1 as id
14:50:41.307389 [debug] [MainThread]: Sending event: {'category': 'dbt', 'action': 'invocation', 'label': 'end', 'context': [<snowplow_tracker.self_describing_json.SelfDescribingJson object at 0x107ee6ca0>, <snowplow_tracker.self_describing_json.SelfDescribingJson object at 0x107ee67f0>, <snowplow_tracker.self_describing_json.SelfDescribingJson object at 0x107ee6730>]}
14:50:41.471844 [debug] [MainThread]: Connection 'debug' was properly closed.
